<?xml version="1.0" encoding="UTF-8"?>
<!-- Generated by org.testng.reporters.JUnitXMLReporter -->
<testsuite ignored="0" hostname="Xyoss005" failures="1" tests="1" name="Test" time="133.206" errors="0" timestamp="2024-03-27T23:10:13 IST">
  <testcase classname="testCases.TC_005_AboutUS" name="aboutUs" time="116.994">
    <failure type="java.lang.AssertionError" message="About us secton title is not correct expected [Sambar&amp;apos;S  DINING &amp;amp; BAR Company History] but found [Sambar&amp;apos;S House DINING &amp;amp; BAR Company History:]">
      <![CDATA[java.lang.AssertionError: About us secton title is not correct expected [Sambar'S  DINING & BAR Company History] but found [Sambar'S House DINING & BAR Company History:]
at pageObject.AboutUsPage.aboutUs(AboutUsPage.java:27)
at testCases.TC_005_AboutUS.aboutUs(TC_005_AboutUS.java:21)
at java.base/java.util.ArrayList.forEach(ArrayList.java:1511)
... Removed 32 stack frames]]>
    </failure>
  </testcase> <!-- aboutUs -->
</testsuite> <!-- Test -->
